<?xml version="1.0" encoding="UTF-8"?>
<rss xmlns:atom="http://www.w3.org/2005/Atom" xmlns:dc="http://purl.org/dc/elements/1.1/" version="2.0">
  <channel>
    <atom:link href="http://nitter-black-darkness-2678.fly.dev/i/lists/1846091864849764752" rel="self" type="application/rss+xml" />
    <title>コスプレ / @KTachibana_M</title>
    <link>http://nitter-black-darkness-2678.fly.dev/i/lists/1846091864849764752</link>
    <description>Twitter feed for: コスプレ by @KTachibana_M. Generated by nitter-black-darkness-2678.fly.dev
</description>
    <language>en-us</language>
    <ttl>40</ttl>
      <item>
        <title>RT by @miinyan73: バニーのふとももをどうぞ🐰🖤</title>
        <dc:creator>@miinyan73</dc:creator>
        <description><![CDATA[<p>バニーのふとももをどうぞ🐰🖤</p>
<img src="http://nitter-black-darkness-2678.fly.dev/pic/media%2FGaKjlUOaUAAqx05.jpg" style="max-width:250px;" />]]></description>
        <pubDate>Fri, 18 Oct 2024 10:10:25 GMT</pubDate>
        <guid>http://nitter-black-darkness-2678.fly.dev/miinyan73/status/1847218669413404699#m</guid>
        <link>http://nitter-black-darkness-2678.fly.dev/miinyan73/status/1847218669413404699#m</link>
      </item>
      <item>
        <title>おはマリン🏴‍☠️

今日明日は久々の大井コスイベですね✨
残念ながらわたしは行けないのですが、天気もなんとかもちそうだし(今日はめちゃめちゃ暑いが)素敵なイベントになりますように！
次回は参加するぞー🐴

ホロライブ/宝鐘マリン</title>
        <dc:creator>@cosplay_110</dc:creator>
        <description><![CDATA[<p>おはマリン🏴‍☠️<br>
<br>
今日明日は久々の大井コスイベですね✨<br>
残念ながらわたしは行けないのですが、天気もなんとかもちそうだし(今日はめちゃめちゃ暑いが)素敵なイベントになりますように！<br>
次回は参加するぞー🐴<br>
<br>
ホロライブ/宝鐘マリン</p>
<img src="http://nitter-black-darkness-2678.fly.dev/pic/media%2FGaNa3FNbAAA7kuX.jpg" style="max-width:250px;" />]]></description>
        <pubDate>Fri, 18 Oct 2024 23:31:12 GMT</pubDate>
        <guid>http://nitter-black-darkness-2678.fly.dev/cosplay_110/status/1847420195142586385#m</guid>
        <link>http://nitter-black-darkness-2678.fly.dev/cosplay_110/status/1847420195142586385#m</link>
      </item>
      <item>
        <title>おはようございます☀️</title>
        <dc:creator>@uchino0212uk</dc:creator>
        <description><![CDATA[<p>おはようございます☀️</p>
<img src="http://nitter-black-darkness-2678.fly.dev/pic/media%2FGaNZWYcbUAAtX54.jpg" style="max-width:250px;" />]]></description>
        <pubDate>Fri, 18 Oct 2024 23:24:32 GMT</pubDate>
        <guid>http://nitter-black-darkness-2678.fly.dev/uchino0212uk/status/1847418517165134067#m</guid>
        <link>http://nitter-black-darkness-2678.fly.dev/uchino0212uk/status/1847418517165134067#m</link>
      </item>
      <item>
        <title>サンキャッチャー用意しなきゃいけないのがいちばん大変かも😇😇😇

銀テならあるけど金テ無いんだが〜！😵‍💫</title>
        <dc:creator>@milktea_new</dc:creator>
        <description><![CDATA[<p>サンキャッチャー用意しなきゃいけないのがいちばん大変かも😇😇😇<br>
<br>
銀テならあるけど金テ無いんだが〜！😵‍💫</p>
<img src="http://nitter-black-darkness-2678.fly.dev/pic/media%2FGaNYdBtbUAI09dq.jpg" style="max-width:250px;" />
<img src="http://nitter-black-darkness-2678.fly.dev/pic/media%2FGaNYdBubUAECDqv.jpg" style="max-width:250px;" />]]></description>
        <pubDate>Fri, 18 Oct 2024 23:20:40 GMT</pubDate>
        <guid>http://nitter-black-darkness-2678.fly.dev/milktea_new/status/1847417542782177329#m</guid>
        <link>http://nitter-black-darkness-2678.fly.dev/milktea_new/status/1847417542782177329#m</link>
      </item>
      <item>
        <title>真剣にプリキュアの衣装作れるようになりたい</title>
        <dc:creator>@gon_pyon</dc:creator>
        <description><![CDATA[<p>真剣にプリキュアの衣装作れるようになりたい</p>]]></description>
        <pubDate>Fri, 18 Oct 2024 23:13:16 GMT</pubDate>
        <guid>http://nitter-black-darkness-2678.fly.dev/gon_pyon/status/1847415681408782619#m</guid>
        <link>http://nitter-black-darkness-2678.fly.dev/gon_pyon/status/1847415681408782619#m</link>
      </item>
      <item>
        <title>RT by @gon_pyon: 【Cosplay】
      ᧔💜᧓••┈┈┈┈••᧔💜᧓••┈┈┈┈••᧔💜᧓

                   みんなの笑顔で彩る世界！
                         キュアフレンディ！

      ᧔💜᧓••┈┈┈┈••᧔💜᧓••┈┈┈┈••᧔💜᧓

Studio： @studio_ha_n_na</title>
        <dc:creator>@Kotono__cos</dc:creator>
        <description><![CDATA[<p>【Cosplay】<br>
      ᧔💜᧓••┈┈┈┈••᧔💜᧓••┈┈┈┈••᧔💜᧓<br>
<br>
                   みんなの笑顔で彩る世界！<br>
                         キュアフレンディ！<br>
<br>
      ᧔💜᧓••┈┈┈┈••᧔💜᧓••┈┈┈┈••᧔💜᧓<br>
<br>
Studio： <a href="http://nitter-black-darkness-2678.fly.dev/studio_ha_n_na" title="studio ha(n)na コスプレスタジオハンナ">@studio_ha_n_na</a></p>
<img src="http://nitter-black-darkness-2678.fly.dev/pic/media%2FGZmk8yLagAAbQn2.jpg" style="max-width:250px;" />]]></description>
        <pubDate>Fri, 11 Oct 2024 10:30:04 GMT</pubDate>
        <guid>http://nitter-black-darkness-2678.fly.dev/Kotono__cos/status/1844686902550786149#m</guid>
        <link>http://nitter-black-darkness-2678.fly.dev/Kotono__cos/status/1844686902550786149#m</link>
      </item>
      <item>
        <title>最近自作が多いから自作レイヤーかと思われるかもしれないですが自作始めたてレイヤーですね

既製品を改造するところから始めています…
完全自作はまだです</title>
        <dc:creator>@milktea_new</dc:creator>
        <description><![CDATA[<p>最近自作が多いから自作レイヤーかと思われるかもしれないですが自作始めたてレイヤーですね<br>
<br>
既製品を改造するところから始めています…<br>
完全自作はまだです</p>]]></description>
        <pubDate>Fri, 18 Oct 2024 23:12:36 GMT</pubDate>
        <guid>http://nitter-black-darkness-2678.fly.dev/milktea_new/status/1847415514697769394#m</guid>
        <link>http://nitter-black-darkness-2678.fly.dev/milktea_new/status/1847415514697769394#m</link>
      </item>
      <item>
        <title>RT by @gon_pyon: 【Cosplay】

      『　あなたの声をきかせて　』      

わんだふるぷりきゅあ！
/キュアフレンディ

Studio / @studio_ha_n_na 
Photo / @makiko_camera 
#つながるわんだふる0901</title>
        <dc:creator>@Kotono__cos</dc:creator>
        <description><![CDATA[<p>【Cosplay】<br>
<br>
      『　あなたの声をきかせて　』      <br>
<br>
わんだふるぷりきゅあ！<br>
/キュアフレンディ<br>
<br>
Studio / <a href="http://nitter-black-darkness-2678.fly.dev/studio_ha_n_na" title="studio ha(n)na コスプレスタジオハンナ">@studio_ha_n_na</a> <br>
Photo / <a href="http://nitter-black-darkness-2678.fly.dev/makiko_camera" title="まきこ">@makiko_camera</a> <br>
<a href="http://nitter-black-darkness-2678.fly.dev/search?q=%23つながるわんだふる0901">#つながるわんだふる0901</a></p>
<img src="http://nitter-black-darkness-2678.fly.dev/pic/media%2FGaKyM-ya8AAwBPc.jpg" style="max-width:250px;" />
<img src="http://nitter-black-darkness-2678.fly.dev/pic/media%2FGaKyM-ybEAI5Avr.jpg" style="max-width:250px;" />]]></description>
        <pubDate>Fri, 18 Oct 2024 11:14:19 GMT</pubDate>
        <guid>http://nitter-black-darkness-2678.fly.dev/Kotono__cos/status/1847234751171805256#m</guid>
        <link>http://nitter-black-darkness-2678.fly.dev/Kotono__cos/status/1847234751171805256#m</link>
      </item>
      <item>
        <title>🐈‍⬛🧶</title>
        <dc:creator>@tsunacos</dc:creator>
        <description><![CDATA[<p>🐈‍⬛🧶</p>
<img src="http://nitter-black-darkness-2678.fly.dev/pic/media%2FGaKus4IbAAAlnSi.jpg" style="max-width:250px;" />]]></description>
        <pubDate>Fri, 18 Oct 2024 10:58:59 GMT</pubDate>
        <guid>http://nitter-black-darkness-2678.fly.dev/tsunacos/status/1847230892453871698#m</guid>
        <link>http://nitter-black-darkness-2678.fly.dev/tsunacos/status/1847230892453871698#m</link>
      </item>
      <item>
        <title>R to @tsunacos: おはよ~~^⁔ ܸ.  ̫ .⁔^</title>
        <dc:creator>@tsunacos</dc:creator>
        <description><![CDATA[<p>おはよ~~^⁔ ܸ.  ̫ .⁔^</p>]]></description>
        <pubDate>Fri, 18 Oct 2024 23:12:14 GMT</pubDate>
        <guid>http://nitter-black-darkness-2678.fly.dev/tsunacos/status/1847415421366128683#m</guid>
        <link>http://nitter-black-darkness-2678.fly.dev/tsunacos/status/1847415421366128683#m</link>
      </item>
      <item>
        <title>お仕事なので返信遅れます！！</title>
        <dc:creator>@milktea_new</dc:creator>
        <description><![CDATA[<p>お仕事なので返信遅れます！！</p>]]></description>
        <pubDate>Fri, 18 Oct 2024 23:11:00 GMT</pubDate>
        <guid>http://nitter-black-darkness-2678.fly.dev/milktea_new/status/1847415112946372952#m</guid>
        <link>http://nitter-black-darkness-2678.fly.dev/milktea_new/status/1847415112946372952#m</link>
      </item>
      <item>
        <title>おはよう🐓❤️https://fantia.jp/posts/3060297</title>
        <dc:creator>@raimu22118</dc:creator>
        <description><![CDATA[<p>おはよう🐓❤️<a href="https://fantia.jp/posts/3060297">fantia.jp/posts/3060297</a></p>
<img src="http://nitter-black-darkness-2678.fly.dev/pic/card_img%2F1847413153342377985%2F5vpm-_VN%3Fformat%3Djpg%26name%3D800x419" style="max-width:250px;" />]]></description>
        <pubDate>Fri, 18 Oct 2024 23:03:59 GMT</pubDate>
        <guid>http://nitter-black-darkness-2678.fly.dev/raimu22118/status/1847413346120978813#m</guid>
        <link>http://nitter-black-darkness-2678.fly.dev/raimu22118/status/1847413346120978813#m</link>
      </item>
      <item>
        <title>明日のむくみ取りの為にレモン系のドリンク買って帰ろ！</title>
        <dc:creator>@milktea_new</dc:creator>
        <description><![CDATA[<p>明日のむくみ取りの為にレモン系のドリンク買って帰ろ！</p>]]></description>
        <pubDate>Fri, 18 Oct 2024 23:01:28 GMT</pubDate>
        <guid>http://nitter-black-darkness-2678.fly.dev/milktea_new/status/1847412712395198511#m</guid>
        <link>http://nitter-black-darkness-2678.fly.dev/milktea_new/status/1847412712395198511#m</link>
      </item>
      <item>
        <title>RT by @gon_pyon: プレシャスコメコメ🍨</title>
        <dc:creator>@fumufumuu227</dc:creator>
        <description><![CDATA[<p>プレシャスコメコメ🍨</p>
<img src="http://nitter-black-darkness-2678.fly.dev/pic/media%2FGaK1JKLasAAZwAv.jpg" style="max-width:250px;" />]]></description>
        <pubDate>Fri, 18 Oct 2024 11:27:06 GMT</pubDate>
        <guid>http://nitter-black-darkness-2678.fly.dev/fumufumuu227/status/1847237971092914525#m</guid>
        <link>http://nitter-black-darkness-2678.fly.dev/fumufumuu227/status/1847237971092914525#m</link>
      </item>
      <item>
        <title>おはる🌞
今日はとっても楽しみにしていた日です❣️❣️❣️❣️</title>
        <dc:creator>@haru_no_inu</dc:creator>
        <description><![CDATA[<p>おはる🌞<br>
今日はとっても楽しみにしていた日です❣️❣️❣️❣️</p>]]></description>
        <pubDate>Fri, 18 Oct 2024 22:52:42 GMT</pubDate>
        <guid>http://nitter-black-darkness-2678.fly.dev/haru_no_inu/status/1847410506707190117#m</guid>
        <link>http://nitter-black-darkness-2678.fly.dev/haru_no_inu/status/1847410506707190117#m</link>
      </item>
      <item>
        <title>表紙の構図再現…！！できてうれしい🙋✨️✨️✨️</title>
        <dc:creator>@tsubasabi</dc:creator>
        <description><![CDATA[<p>表紙の構図再現…！！できてうれしい🙋✨️✨️✨️</p>
<p><a href="http://nitter-black-darkness-2678.fly.dev/ksk_johan_cos/status/1847404015094497569#m">nitter-black-darkness-2678.fly.dev/ksk_johan_cos/status/1847404015094497569#m</a></p>]]></description>
        <pubDate>Fri, 18 Oct 2024 22:46:45 GMT</pubDate>
        <guid>http://nitter-black-darkness-2678.fly.dev/tsubasabi/status/1847409009722347970#m</guid>
        <link>http://nitter-black-darkness-2678.fly.dev/tsubasabi/status/1847409009722347970#m</link>
      </item>
      <item>
        <title>RT by @tsubasabi: これの再現をやらせていただきました。

５年も前から望んでいたものです・・・ｗ</title>
        <dc:creator>@ksk_johan_cos</dc:creator>
        <description><![CDATA[<p>これの再現をやらせていただきました。<br>
<br>
５年も前から望んでいたものです・・・ｗ</p>
<img src="http://nitter-black-darkness-2678.fly.dev/pic/media%2FGaNMUYEbgAA27RQ.jpg" style="max-width:250px;" />]]></description>
        <pubDate>Fri, 18 Oct 2024 22:28:31 GMT</pubDate>
        <guid>http://nitter-black-darkness-2678.fly.dev/ksk_johan_cos/status/1847404419320820210#m</guid>
        <link>http://nitter-black-darkness-2678.fly.dev/ksk_johan_cos/status/1847404419320820210#m</link>
      </item>
      <item>
        <title>RT by @tsubasabi: 【cosplay】

無職転生

再会

#1012無職転生大型併せ

 Photo　とろ様</title>
        <dc:creator>@ksk_johan_cos</dc:creator>
        <description><![CDATA[<p>【cosplay】<br>
<br>
無職転生<br>
<br>
再会<br>
<br>
<a href="http://nitter-black-darkness-2678.fly.dev/search?q=%231012無職転生大型併せ">#1012無職転生大型併せ</a><br>
<br>
 Photo　とろ様</p>
<img src="http://nitter-black-darkness-2678.fly.dev/pic/media%2FGaNLuBdbUAEJ--u.jpg" style="max-width:250px;" />]]></description>
        <pubDate>Fri, 18 Oct 2024 22:26:54 GMT</pubDate>
        <guid>http://nitter-black-darkness-2678.fly.dev/ksk_johan_cos/status/1847404015094497569#m</guid>
        <link>http://nitter-black-darkness-2678.fly.dev/ksk_johan_cos/status/1847404015094497569#m</link>
      </item>
      <item>
        <title>お？良くなってきたかな？と思ってからの回復速度はそこそこ早い</title>
        <dc:creator>@manatsukin</dc:creator>
        <description><![CDATA[<p>お？良くなってきたかな？と思ってからの回復速度はそこそこ早い</p>]]></description>
        <pubDate>Fri, 18 Oct 2024 22:44:04 GMT</pubDate>
        <guid>http://nitter-black-darkness-2678.fly.dev/manatsukin/status/1847408334330351881#m</guid>
        <link>http://nitter-black-darkness-2678.fly.dev/manatsukin/status/1847408334330351881#m</link>
      </item>
      <item>
        <title>やっと少しずつ外出れるくらいになってきた…！長い戦いだったなぁ、まだ戦うけど！！

止まってた通販の発送、ゆっくりですが再開します！長らくお待たせしてしまってすみませんでした😭</title>
        <dc:creator>@manatsukin</dc:creator>
        <description><![CDATA[<p>やっと少しずつ外出れるくらいになってきた…！長い戦いだったなぁ、まだ戦うけど！！<br>
<br>
止まってた通販の発送、ゆっくりですが再開します！長らくお待たせしてしまってすみませんでした😭</p>]]></description>
        <pubDate>Fri, 18 Oct 2024 22:43:37 GMT</pubDate>
        <guid>http://nitter-black-darkness-2678.fly.dev/manatsukin/status/1847408219146375557#m</guid>
        <link>http://nitter-black-darkness-2678.fly.dev/manatsukin/status/1847408219146375557#m</link>
      </item>
      <item>
        <title>おはよ！沖縄の海楽しむぞー🏝️✨</title>
        <dc:creator>@ymnnkn_okura</dc:creator>
        <description><![CDATA[<p>おはよ！沖縄の海楽しむぞー🏝️✨</p>
<p><a href="http://nitter-black-darkness-2678.fly.dev/ymnnkn_okura/status/1847225495341215982#m">nitter-black-darkness-2678.fly.dev/ymnnkn_okura/status/1847225495341215982#m</a></p>]]></description>
        <pubDate>Fri, 18 Oct 2024 22:36:21 GMT</pubDate>
        <guid>http://nitter-black-darkness-2678.fly.dev/ymnnkn_okura/status/1847406392552145310#m</guid>
        <link>http://nitter-black-darkness-2678.fly.dev/ymnnkn_okura/status/1847406392552145310#m</link>
      </item>
      <item>
        <title>RT by @XaiabP: よそ見してると逃げちゃうよ。

@LALKA_THE_EDEN</title>
        <dc:creator>@XaiabP</dc:creator>
        <description><![CDATA[<p>よそ見してると逃げちゃうよ。<br>
<br>
<a href="http://nitter-black-darkness-2678.fly.dev/LALKA_THE_EDEN" title="LALKA:THE EDEN(ラルカ:ジ・エデン)">@LALKA_THE_EDEN</a></p>
<img src="http://nitter-black-darkness-2678.fly.dev/pic/media%2FGaKuYfRa8AAlGSU.jpg" style="max-width:250px;" />
<img src="http://nitter-black-darkness-2678.fly.dev/pic/media%2FGaKuYfVa0AAAy54.jpg" style="max-width:250px;" />]]></description>
        <pubDate>Fri, 18 Oct 2024 10:58:19 GMT</pubDate>
        <guid>http://nitter-black-darkness-2678.fly.dev/XaiabP/status/1847230725743153501#m</guid>
        <link>http://nitter-black-darkness-2678.fly.dev/XaiabP/status/1847230725743153501#m</link>
      </item>
      <item>
        <title>おはよう！！！！！
#ホロリック のある朝！！！！</title>
        <dc:creator>@uki_kabo</dc:creator>
        <description><![CDATA[<p>おはよう！！！！！<br>
<a href="http://nitter-black-darkness-2678.fly.dev/search?q=%23ホロリック">#ホロリック</a> のある朝！！！！</p>]]></description>
        <pubDate>Fri, 18 Oct 2024 22:32:02 GMT</pubDate>
        <guid>http://nitter-black-darkness-2678.fly.dev/uki_kabo/status/1847405303220097138#m</guid>
        <link>http://nitter-black-darkness-2678.fly.dev/uki_kabo/status/1847405303220097138#m</link>
      </item>
      <item>
        <title>RT by @uki_kabo: 【Cosplay】

hololive / 星街すいせい☄️
東京タワー×ホロライブコラボ衣装

Photo : みやびさん(@tnsk6400 )
#うきcos</title>
        <dc:creator>@uki_kabo</dc:creator>
        <description><![CDATA[<p>【Cosplay】<br>
<br>
hololive / 星街すいせい☄️<br>
東京タワー×ホロライブコラボ衣装<br>
<br>
Photo : みやびさん(<a href="http://nitter-black-darkness-2678.fly.dev/tnsk6400" title="みやび">@tnsk6400</a> )<br>
<a href="http://nitter-black-darkness-2678.fly.dev/search?q=%23うきcos">#うきcos</a></p>
<img src="http://nitter-black-darkness-2678.fly.dev/pic/media%2FGaKaJi6aIAAng44.jpg" style="max-width:250px;" />]]></description>
        <pubDate>Fri, 18 Oct 2024 09:29:11 GMT</pubDate>
        <guid>http://nitter-black-darkness-2678.fly.dev/uki_kabo/status/1847208292269060479#m</guid>
        <link>http://nitter-black-darkness-2678.fly.dev/uki_kabo/status/1847208292269060479#m</link>
      </item>
      <item>
        <title>RT by @uki_kabo: ⚠️コスプレ動画注意

#ホロリック　パフォ動画✨
※保存・転載禁止

KING / 一条莉々華🌃
🎥ソラさん(@RASLPQTYfan55 )</title>
        <dc:creator>@uki_kabo</dc:creator>
        <description><![CDATA[<p>⚠️コスプレ動画注意<br>
<br>
<a href="http://nitter-black-darkness-2678.fly.dev/search?q=%23ホロリック">#ホロリック</a>　パフォ動画✨<br>
※保存・転載禁止<br>
<br>
KING / 一条莉々華🌃<br>
🎥ソラさん(<a href="http://nitter-black-darkness-2678.fly.dev/RASLPQTYfan55" title="ソラ・55号🌙">@RASLPQTYfan55</a> )</p>
<img src="http://nitter-black-darkness-2678.fly.dev/pic/amplify_video_thumb%2F1847256710978904065%2Fimg%2FQ5wI-x63eUfg_jMB.jpg" style="max-width:250px;" />]]></description>
        <pubDate>Fri, 18 Oct 2024 12:42:12 GMT</pubDate>
        <guid>http://nitter-black-darkness-2678.fly.dev/uki_kabo/status/1847256870513442871#m</guid>
        <link>http://nitter-black-darkness-2678.fly.dev/uki_kabo/status/1847256870513442871#m</link>
      </item>
      <item>
        <title>RT by @yukaaaaa0: .
                 白猫さん🐈🐾</title>
        <dc:creator>@yukaaaaa0</dc:creator>
        <description><![CDATA[<p>.<br>
                 白猫さん🐈🐾</p>
<img src="http://nitter-black-darkness-2678.fly.dev/pic/media%2FGaKzno5aoAAIc2T.jpg" style="max-width:250px;" />]]></description>
        <pubDate>Fri, 18 Oct 2024 11:20:33 GMT</pubDate>
        <guid>http://nitter-black-darkness-2678.fly.dev/yukaaaaa0/status/1847236320391053434#m</guid>
        <link>http://nitter-black-darkness-2678.fly.dev/yukaaaaa0/status/1847236320391053434#m</link>
      </item>
      <item>
        <title>今日は船長の撮影頑張ってくるよ〜🏴‍☠️💘
朝早い☀️☀️</title>
        <dc:creator>@tennensui_cos</dc:creator>
        <description><![CDATA[<p>今日は船長の撮影頑張ってくるよ〜🏴‍☠️💘<br>
朝早い☀️☀️</p>]]></description>
        <pubDate>Fri, 18 Oct 2024 22:13:15 GMT</pubDate>
        <guid>http://nitter-black-darkness-2678.fly.dev/tennensui_cos/status/1847400580010168555#m</guid>
        <link>http://nitter-black-darkness-2678.fly.dev/tennensui_cos/status/1847400580010168555#m</link>
      </item>
      <item>
        <title>RT by @banko003: ꧁─────────────────꧂
 
　　　　🥀Bisquedoll OSAKA 🥀

　　　大阪のみなさん、ごきげんよう。

꧁─────────────────꧂</title>
        <dc:creator>@BisquedollOSAKA</dc:creator>
        <description><![CDATA[<p>꧁─────────────────꧂<br>
 <br>
　　　　🥀Bisquedoll OSAKA 🥀<br>
<br>
　　　大阪のみなさん、ごきげんよう。<br>
<br>
꧁─────────────────꧂</p>
<img src="http://nitter-black-darkness-2678.fly.dev/pic/ext_tw_video_thumb%2F1847253357372874752%2Fpu%2Fimg%2FtBH7IVAqN_XJ-LI_.jpg" style="max-width:250px;" />]]></description>
        <pubDate>Fri, 18 Oct 2024 12:29:51 GMT</pubDate>
        <guid>http://nitter-black-darkness-2678.fly.dev/BisquedollOSAKA/status/1847253762064409000#m</guid>
        <link>http://nitter-black-darkness-2678.fly.dev/BisquedollOSAKA/status/1847253762064409000#m</link>
      </item>
      <item>
        <title>RT by @haru_no_inu: 先日、撮影した写真で自作Tシャツを作り、ご本人に見せることがでしました。

欲しい！って言ってもらえて嬉しかったです！

やっぱ推し活って楽しいわ…
（新作作成中）

モデル:はるの犬さん @haru_no_inu</title>
        <dc:creator>@someone19960703</dc:creator>
        <description><![CDATA[<p>先日、撮影した写真で自作Tシャツを作り、ご本人に見せることがでしました。<br>
<br>
欲しい！って言ってもらえて嬉しかったです！<br>
<br>
やっぱ推し活って楽しいわ…<br>
（新作作成中）<br>
<br>
モデル:はるの犬さん <a href="http://nitter-black-darkness-2678.fly.dev/haru_no_inu" title="はるの犬➳✩⡱">@haru_no_inu</a></p>
<img src="http://nitter-black-darkness-2678.fly.dev/pic/media%2FGaKyT5DbQAAS_o6.jpg" style="max-width:250px;" />]]></description>
        <pubDate>Fri, 18 Oct 2024 11:14:43 GMT</pubDate>
        <guid>http://nitter-black-darkness-2678.fly.dev/someone19960703/status/1847234854246867352#m</guid>
        <link>http://nitter-black-darkness-2678.fly.dev/someone19960703/status/1847234854246867352#m</link>
      </item>
      <item>
        <title>アホみたいに寝まくってた</title>
        <dc:creator>@K_hum03_D</dc:creator>
        <description><![CDATA[<p>アホみたいに寝まくってた</p>]]></description>
        <pubDate>Fri, 18 Oct 2024 21:58:30 GMT</pubDate>
        <guid>http://nitter-black-darkness-2678.fly.dev/K_hum03_D/status/1847396864334975390#m</guid>
        <link>http://nitter-black-darkness-2678.fly.dev/K_hum03_D/status/1847396864334975390#m</link>
      </item>
      <item>
        <title>可愛すぎる〜🥹🐿️🐿️❣️RP</title>
        <dc:creator>@_hcmrO_</dc:creator>
        <description><![CDATA[<p>可愛すぎる〜🥹🐿️🐿️❣️RP</p>]]></description>
        <pubDate>Fri, 18 Oct 2024 21:36:50 GMT</pubDate>
        <guid>http://nitter-black-darkness-2678.fly.dev/_hcmrO_/status/1847391411899158653#m</guid>
        <link>http://nitter-black-darkness-2678.fly.dev/_hcmrO_/status/1847391411899158653#m</link>
      </item>
      <item>
        <title>RT by @_hcmrO_: ⚠️擬人化

　　　　　🥜Chip &apos;n Dale🐿️

#Dハロ仮装 #Dハロ仮装2024</title>
        <dc:creator>@MFscuf</dc:creator>
        <description><![CDATA[<p>⚠️擬人化<br>
<br>
　　　　　🥜Chip 'n Dale🐿️<br>
<br>
<a href="http://nitter-black-darkness-2678.fly.dev/search?q=%23Dハロ仮装">#Dハロ仮装</a> <a href="http://nitter-black-darkness-2678.fly.dev/search?q=%23Dハロ仮装2024">#Dハロ仮装2024</a></p>
<img src="http://nitter-black-darkness-2678.fly.dev/pic/media%2FGaFOblOb0AMDVZu.jpg" style="max-width:250px;" />]]></description>
        <pubDate>Thu, 17 Oct 2024 09:19:52 GMT</pubDate>
        <guid>http://nitter-black-darkness-2678.fly.dev/MFscuf/status/1846843563914809452#m</guid>
        <link>http://nitter-black-darkness-2678.fly.dev/MFscuf/status/1846843563914809452#m</link>
      </item>
      <item>
        <title>おはようございます(🍠•᎑•🍠)</title>
        <dc:creator>@riku_cos_9</dc:creator>
        <description><![CDATA[<p>おはようございます(🍠•᎑•🍠)</p>]]></description>
        <pubDate>Fri, 18 Oct 2024 20:55:32 GMT</pubDate>
        <guid>http://nitter-black-darkness-2678.fly.dev/riku_cos_9/status/1847381021916090569#m</guid>
        <link>http://nitter-black-darkness-2678.fly.dev/riku_cos_9/status/1847381021916090569#m</link>
      </item>
      <item>
        <title>ちょっとだけowやってから寝るわ！😄</title>
        <dc:creator>@enako_cos</dc:creator>
        <description><![CDATA[<p>ちょっとだけowやってから寝るわ！😄</p>
<p><a href="http://nitter-black-darkness-2678.fly.dev/jpPlayOverwatch/status/1846946331061113121#m">nitter-black-darkness-2678.fly.dev/jpPlayOverwatch/status/1846946331061113121#m</a></p>]]></description>
        <pubDate>Fri, 18 Oct 2024 19:41:21 GMT</pubDate>
        <guid>http://nitter-black-darkness-2678.fly.dev/enako_cos/status/1847362352532115959#m</guid>
        <link>http://nitter-black-darkness-2678.fly.dev/enako_cos/status/1847362352532115959#m</link>
      </item>
      <item>
        <title>今日(昨日？)は雑誌の撮影、そして夜からさっきまで収録でした🙏

長い1日だった〜！明るくなる前に帰る🏃‍♂️🏃‍♂️🏃‍♂️</title>
        <dc:creator>@enako_cos</dc:creator>
        <description><![CDATA[<p>今日(昨日？)は雑誌の撮影、そして夜からさっきまで収録でした🙏<br>
<br>
長い1日だった〜！明るくなる前に帰る🏃‍♂️🏃‍♂️🏃‍♂️</p>]]></description>
        <pubDate>Fri, 18 Oct 2024 19:34:03 GMT</pubDate>
        <guid>http://nitter-black-darkness-2678.fly.dev/enako_cos/status/1847360515485671477#m</guid>
        <link>http://nitter-black-darkness-2678.fly.dev/enako_cos/status/1847360515485671477#m</link>
      </item>
      <item>
        <title>さむぃ。けど上着洗ってるからない。</title>
        <dc:creator>@mirai_cos_</dc:creator>
        <description><![CDATA[<p>さむぃ。けど上着洗ってるからない。</p>]]></description>
        <pubDate>Fri, 18 Oct 2024 19:25:14 GMT</pubDate>
        <guid>http://nitter-black-darkness-2678.fly.dev/mirai_cos_/status/1847358294828208365#m</guid>
        <link>http://nitter-black-darkness-2678.fly.dev/mirai_cos_/status/1847358294828208365#m</link>
      </item>
      <item>
        <title>RT by @mirai_cos_: ⚠️コスプレ
⚠️カラコン加工

艦これ/大井</title>
        <dc:creator>@ao_okiao</dc:creator>
        <description><![CDATA[<p>⚠️コスプレ<br>
⚠️カラコン加工<br>
<br>
艦これ/大井</p>
<img src="http://nitter-black-darkness-2678.fly.dev/pic/media%2FGaLwXg8aMAABDtv.jpg" style="max-width:250px;" />]]></description>
        <pubDate>Fri, 18 Oct 2024 15:45:52 GMT</pubDate>
        <guid>http://nitter-black-darkness-2678.fly.dev/ao_okiao/status/1847303088010661967#m</guid>
        <link>http://nitter-black-darkness-2678.fly.dev/ao_okiao/status/1847303088010661967#m</link>
      </item>
      <item>
        <title>ソーダちゃんのおっppが大きすぎて衣装改良しなきゃはち切れる😭😭でもここだけは譲れない…😭がんばる…！！</title>
        <dc:creator>@muunya66</dc:creator>
        <description><![CDATA[<p>ソーダちゃんのおっppが大きすぎて衣装改良しなきゃはち切れる😭😭でもここだけは譲れない…😭がんばる…！！</p>]]></description>
        <pubDate>Fri, 18 Oct 2024 17:18:40 GMT</pubDate>
        <guid>http://nitter-black-darkness-2678.fly.dev/muunya66/status/1847326442532851764#m</guid>
        <link>http://nitter-black-darkness-2678.fly.dev/muunya66/status/1847326442532851764#m</link>
      </item>
      <item>
        <title>地雷伸び良いな</title>
        <dc:creator>@abab_abab_0</dc:creator>
        <description><![CDATA[<p>地雷伸び良いな</p>]]></description>
        <pubDate>Fri, 18 Oct 2024 16:53:43 GMT</pubDate>
        <guid>http://nitter-black-darkness-2678.fly.dev/abab_abab_0/status/1847320164058222915#m</guid>
        <link>http://nitter-black-darkness-2678.fly.dev/abab_abab_0/status/1847320164058222915#m</link>
      </item>
      <item>
        <title>RT by @gngn_P: ブルアカ水着ミユ…

むずかしすぎたので夜中にこっそり🐰
#鴨コス　#ブルアカ
photo @marienyanco</title>
        <dc:creator>@chiarincle</dc:creator>
        <description><![CDATA[<p>ブルアカ水着ミユ…<br>
<br>
むずかしすぎたので夜中にこっそり🐰<br>
<a href="http://nitter-black-darkness-2678.fly.dev/search?q=%23鴨コス">#鴨コス</a>　<a href="http://nitter-black-darkness-2678.fly.dev/search?q=%23ブルアカ">#ブルアカ</a><br>
photo <a href="http://nitter-black-darkness-2678.fly.dev/marienyanco" title="まりぃ🐥">@marienyanco</a></p>
<img src="http://nitter-black-darkness-2678.fly.dev/pic/media%2FGaLzG9ga0AAtlUG.jpg" style="max-width:250px;" />]]></description>
        <pubDate>Fri, 18 Oct 2024 15:57:51 GMT</pubDate>
        <guid>http://nitter-black-darkness-2678.fly.dev/chiarincle/status/1847306104998637953#m</guid>
        <link>http://nitter-black-darkness-2678.fly.dev/chiarincle/status/1847306104998637953#m</link>
      </item>
      <item>
        <title>準備も終わったし部屋も片付けたーっ！！！！！</title>
        <dc:creator>@gngn_P</dc:creator>
        <description><![CDATA[<p>準備も終わったし部屋も片付けたーっ！！！！！</p>]]></description>
        <pubDate>Fri, 18 Oct 2024 15:58:11 GMT</pubDate>
        <guid>http://nitter-black-darkness-2678.fly.dev/gngn_P/status/1847306187907444903#m</guid>
        <link>http://nitter-black-darkness-2678.fly.dev/gngn_P/status/1847306187907444903#m</link>
      </item>
      <item>
        <title>化かすつもりが化かされるかんじのたぬき</title>
        <dc:creator>@manatsukin</dc:creator>
        <description><![CDATA[<p>化かすつもりが化かされるかんじのたぬき</p>
<img src="http://nitter-black-darkness-2678.fly.dev/pic/media%2FGaLuyowasAAUt1X.jpg" style="max-width:250px;" />]]></description>
        <pubDate>Fri, 18 Oct 2024 15:38:59 GMT</pubDate>
        <guid>http://nitter-black-darkness-2678.fly.dev/manatsukin/status/1847301355976982582#m</guid>
        <link>http://nitter-black-darkness-2678.fly.dev/manatsukin/status/1847301355976982582#m</link>
      </item>
      <item>
        <title>わいが、明日までに体調を整えてかつ、9時過ぎに家に帰宅し、ウィッグをちょんぎることを成功させることが出来るかどうかに全てがかかってる。</title>
        <dc:creator>@amimutam</dc:creator>
        <description><![CDATA[<p>わいが、明日までに体調を整えてかつ、9時過ぎに家に帰宅し、ウィッグをちょんぎることを成功させることが出来るかどうかに全てがかかってる。</p>]]></description>
        <pubDate>Fri, 18 Oct 2024 15:37:11 GMT</pubDate>
        <guid>http://nitter-black-darkness-2678.fly.dev/amimutam/status/1847300905152237784#m</guid>
        <link>http://nitter-black-darkness-2678.fly.dev/amimutam/status/1847300905152237784#m</link>
      </item>
      <item>
        <title>progressive Asuna cosplay</title>
        <dc:creator>@iruka_inzm</dc:creator>
        <description><![CDATA[<p>progressive Asuna cosplay</p>
<img src="http://nitter-black-darkness-2678.fly.dev/pic/media%2FGaLt8DhacAAn3ZH.jpg" style="max-width:250px;" />]]></description>
        <pubDate>Fri, 18 Oct 2024 15:35:17 GMT</pubDate>
        <guid>http://nitter-black-darkness-2678.fly.dev/iruka_inzm/status/1847300425915232310#m</guid>
        <link>http://nitter-black-darkness-2678.fly.dev/iruka_inzm/status/1847300425915232310#m</link>
      </item>
      <item>
        <title>帰って、ウィッグします🫰🏻</title>
        <dc:creator>@srmmm03</dc:creator>
        <description><![CDATA[<p>帰って、ウィッグします🫰🏻</p>]]></description>
        <pubDate>Fri, 18 Oct 2024 15:34:25 GMT</pubDate>
        <guid>http://nitter-black-darkness-2678.fly.dev/srmmm03/status/1847300209929589203#m</guid>
        <link>http://nitter-black-darkness-2678.fly.dev/srmmm03/status/1847300209929589203#m</link>
      </item>
      <item>
        <title>RT by @azu_kichi_cos: コスプレ

全身

彼方ちゃんだよ～🐏

#影の写真館 
#シャチはじ1018可愛くていいね</title>
        <dc:creator>@_game_name_</dc:creator>
        <description><![CDATA[<p>コスプレ<br>
<br>
全身<br>
<br>
彼方ちゃんだよ～🐏<br>
<br>
<a href="http://nitter-black-darkness-2678.fly.dev/search?q=%23影の写真館">#影の写真館</a> <br>
<a href="http://nitter-black-darkness-2678.fly.dev/search?q=%23シャチはじ1018可愛くていいね">#シャチはじ1018可愛くていいね</a></p>
<img src="http://nitter-black-darkness-2678.fly.dev/pic/media%2FGaLpXgcakAAbUMZ.jpg" style="max-width:250px;" />]]></description>
        <pubDate>Fri, 18 Oct 2024 15:15:16 GMT</pubDate>
        <guid>http://nitter-black-darkness-2678.fly.dev/_game_name_/status/1847295389323632685#m</guid>
        <link>http://nitter-black-darkness-2678.fly.dev/_game_name_/status/1847295389323632685#m</link>
      </item>
      <item>
        <title>ありえないほど金欠なのに学マス供給もシャニマス供給もすごくて金欠が加速している

本気でやばい

ボーナス全部消えるレベルで金欠</title>
        <dc:creator>@milktea_new</dc:creator>
        <description><![CDATA[<p>ありえないほど金欠なのに学マス供給もシャニマス供給もすごくて金欠が加速している<br>
<br>
本気でやばい<br>
<br>
ボーナス全部消えるレベルで金欠</p>]]></description>
        <pubDate>Fri, 18 Oct 2024 15:23:47 GMT</pubDate>
        <guid>http://nitter-black-darkness-2678.fly.dev/milktea_new/status/1847297533397413946#m</guid>
        <link>http://nitter-black-darkness-2678.fly.dev/milktea_new/status/1847297533397413946#m</link>
      </item>
      <item>
        <title>あつ森、ボルトくんが好きすぎて</title>
        <dc:creator>@milktea_new</dc:creator>
        <description><![CDATA[<p>あつ森、ボルトくんが好きすぎて</p>]]></description>
        <pubDate>Fri, 18 Oct 2024 15:19:32 GMT</pubDate>
        <guid>http://nitter-black-darkness-2678.fly.dev/milktea_new/status/1847296461241008465#m</guid>
        <link>http://nitter-black-darkness-2678.fly.dev/milktea_new/status/1847296461241008465#m</link>
      </item>
      <item>
        <title>本日はお酒を飲みに行っておりましたので
お写真の投稿はお休みさせて頂きます！

こちらのお酒はゴッドファーザーです☺️🥃</title>
        <dc:creator>@azuki_to_milk</dc:creator>
        <description><![CDATA[<p>本日はお酒を飲みに行っておりましたので<br>
お写真の投稿はお休みさせて頂きます！<br>
<br>
こちらのお酒はゴッドファーザーです☺️🥃</p>
<img src="http://nitter-black-darkness-2678.fly.dev/pic/media%2FGaLqSFbaMAA1m0R.jpg" style="max-width:250px;" />]]></description>
        <pubDate>Fri, 18 Oct 2024 15:19:22 GMT</pubDate>
        <guid>http://nitter-black-darkness-2678.fly.dev/azuki_to_milk/status/1847296419218272688#m</guid>
        <link>http://nitter-black-darkness-2678.fly.dev/azuki_to_milk/status/1847296419218272688#m</link>
      </item>
      <item>
        <title>RT by @shioringo_227: #杜野凛世生誕祭2024
#杜野凛世誕生祭2024</title>
        <dc:creator>@WalkingBoring</dc:creator>
        <description><![CDATA[<p><a href="http://nitter-black-darkness-2678.fly.dev/search?q=%23杜野凛世生誕祭2024">#杜野凛世生誕祭2024</a><br>
<a href="http://nitter-black-darkness-2678.fly.dev/search?q=%23杜野凛世誕生祭2024">#杜野凛世誕生祭2024</a></p>
<img src="http://nitter-black-darkness-2678.fly.dev/pic/media%2FGaLpgg9bIAAxKHw.jpg" style="max-width:250px;" />]]></description>
        <pubDate>Fri, 18 Oct 2024 15:15:55 GMT</pubDate>
        <guid>http://nitter-black-darkness-2678.fly.dev/WalkingBoring/status/1847295554503786738#m</guid>
        <link>http://nitter-black-darkness-2678.fly.dev/WalkingBoring/status/1847295554503786738#m</link>
      </item>
      <item>
        <title>ほのぼの〜☺️🌸て読んでたら最後のページで鳥肌 ううう</title>
        <dc:creator>@shioringo_227</dc:creator>
        <description><![CDATA[<p>ほのぼの〜☺️🌸て読んでたら最後のページで鳥肌 ううう</p>]]></description>
        <pubDate>Fri, 18 Oct 2024 15:17:52 GMT</pubDate>
        <guid>http://nitter-black-darkness-2678.fly.dev/shioringo_227/status/1847296044369084891#m</guid>
        <link>http://nitter-black-darkness-2678.fly.dev/shioringo_227/status/1847296044369084891#m</link>
      </item>
      <item>
        <title>RT by @shioringo_227: 【最新話更新のお知らせ】
『アイドルマスター シャイニーカラーズ 事務的光空記録』
第9.5話が公開されました✨
https://www.sunday-webry.com/episode/2550912964773394965
感想は #ジムシャニ までお願いします！
#シャニマス #サンデーうぇぶり</title>
        <dc:creator>@jimushiny_oa</dc:creator>
        <description><![CDATA[<p>【最新話更新のお知らせ】<br>
『アイドルマスター シャイニーカラーズ 事務的光空記録』<br>
第9.5話が公開されました✨<br>
<a href="https://www.sunday-webry.com/episode/2550912964773394965">sunday-webry.com/episode/255…</a><br>
感想は <a href="http://nitter-black-darkness-2678.fly.dev/search?q=%23ジムシャニ">#ジムシャニ</a> までお願いします！<br>
<a href="http://nitter-black-darkness-2678.fly.dev/search?q=%23シャニマス">#シャニマス</a> <a href="http://nitter-black-darkness-2678.fly.dev/search?q=%23サンデーうぇぶり">#サンデーうぇぶり</a></p>
<img src="http://nitter-black-darkness-2678.fly.dev/pic/card_img%2F1847291785229557761%2F4AMhfG17%3Fformat%3Djpg%26name%3D600x314" style="max-width:250px;" />]]></description>
        <pubDate>Fri, 18 Oct 2024 15:01:03 GMT</pubDate>
        <guid>http://nitter-black-darkness-2678.fly.dev/jimushiny_oa/status/1847291810131095597#m</guid>
        <link>http://nitter-black-darkness-2678.fly.dev/jimushiny_oa/status/1847291810131095597#m</link>
      </item>
      <item>
        <title>RT by @haru_no_inu: 実際長かったです笑</title>
        <dc:creator>@clown13_AW</dc:creator>
        <description><![CDATA[<p>実際長かったです笑</p>
<p><a href="http://nitter-black-darkness-2678.fly.dev/haru_no_inu/status/1847221032081633575#m">nitter-black-darkness-2678.fly.dev/haru_no_inu/status/1847221032081633575#m</a></p>]]></description>
        <pubDate>Fri, 18 Oct 2024 10:32:12 GMT</pubDate>
        <guid>http://nitter-black-darkness-2678.fly.dev/clown13_AW/status/1847224151062507719#m</guid>
        <link>http://nitter-black-darkness-2678.fly.dev/clown13_AW/status/1847224151062507719#m</link>
      </item>
      <item>
        <title>RT by @haru_no_inu: 周りが白ってのが良いですね✨</title>
        <dc:creator>@akatuki_7563</dc:creator>
        <description><![CDATA[<p>周りが白ってのが良いですね✨</p>
<p><a href="http://nitter-black-darkness-2678.fly.dev/haru_no_inu/status/1847221032081633575#m">nitter-black-darkness-2678.fly.dev/haru_no_inu/status/1847221032081633575#m</a></p>]]></description>
        <pubDate>Fri, 18 Oct 2024 10:25:56 GMT</pubDate>
        <guid>http://nitter-black-darkness-2678.fly.dev/akatuki_7563/status/1847222577401671890#m</guid>
        <link>http://nitter-black-darkness-2678.fly.dev/akatuki_7563/status/1847222577401671890#m</link>
      </item>
      <item>
        <title>土日だけどっかのアラームがあひるに設定されてて癒される時ある(結構終盤の時間なので焦るけど)</title>
        <dc:creator>@milktea_new</dc:creator>
        <description><![CDATA[<p>土日だけどっかのアラームがあひるに設定されてて癒される時ある(結構終盤の時間なので焦るけど)</p>]]></description>
        <pubDate>Fri, 18 Oct 2024 15:07:05 GMT</pubDate>
        <guid>http://nitter-black-darkness-2678.fly.dev/milktea_new/status/1847293331027747103#m</guid>
        <link>http://nitter-black-darkness-2678.fly.dev/milktea_new/status/1847293331027747103#m</link>
      </item>
      <item>
        <title>RT by @t_cos_214: ♠配信告知♠
10/19　21:00-
1年半ぶりに新衣装お披露目します🥳🤍
さて、どんな衣装か予想しててください。

【#空澄新衣装】寒くなってきたね。おにゅ～のお洋服見て～！【空澄セナ/ぶいすぽっ！】 https://www.youtube.com/live/1Ttn_XYSX8A?si=nx689fLIkOnWGODi
@YouTubeより</title>
        <dc:creator>@sena_asumi</dc:creator>
        <description><![CDATA[<p>♠配信告知♠<br>
10/19　21:00-<br>
1年半ぶりに新衣装お披露目します🥳🤍<br>
さて、どんな衣装か予想しててください。<br>
<br>
【<a href="http://nitter-black-darkness-2678.fly.dev/search?q=%23空澄新衣装">#空澄新衣装</a>】寒くなってきたね。おにゅ～のお洋服見て～！【空澄セナ/ぶいすぽっ！】 <a href="https://www.youtube.com/live/1Ttn_XYSX8A?si=nx689fLIkOnWGODi">youtube.com/live/1Ttn_XYSX8A…</a><br>
<a href="http://nitter-black-darkness-2678.fly.dev/YouTube" title="YouTube">@YouTube</a>より</p>
<img src="http://nitter-black-darkness-2678.fly.dev/pic/media%2FGaLg1Jra4AA3W1F.jpg" style="max-width:250px;" />]]></description>
        <pubDate>Fri, 18 Oct 2024 15:00:19 GMT</pubDate>
        <guid>http://nitter-black-darkness-2678.fly.dev/sena_asumi/status/1847291626345099633#m</guid>
        <link>http://nitter-black-darkness-2678.fly.dev/sena_asumi/status/1847291626345099633#m</link>
      </item>
      <item>
        <title>RT by @ayari_oxo: 新刊の単品販売開始しました♡  ̖́-

https://ayarioxo.base.shop/</title>
        <dc:creator>@ayari_oxo</dc:creator>
        <description><![CDATA[<p>新刊の単品販売開始しました♡  ̖́-<br>
<br>
<a href="https://ayarioxo.base.shop/">ayarioxo.base.shop/</a></p>
<img src="http://nitter-black-darkness-2678.fly.dev/pic/media%2FGZnP8NiaEAA58BC.jpg" style="max-width:250px;" />]]></description>
        <pubDate>Fri, 11 Oct 2024 13:37:52 GMT</pubDate>
        <guid>http://nitter-black-darkness-2678.fly.dev/ayari_oxo/status/1844734163490156645#m</guid>
        <link>http://nitter-black-darkness-2678.fly.dev/ayari_oxo/status/1844734163490156645#m</link>
      </item>
      <item>
        <title>ショタと男子の間、やりがちな気がする(伝われ)</title>
        <dc:creator>@milktea_new</dc:creator>
        <description><![CDATA[<p>ショタと男子の間、やりがちな気がする(伝われ)</p>]]></description>
        <pubDate>Fri, 18 Oct 2024 15:05:25 GMT</pubDate>
        <guid>http://nitter-black-darkness-2678.fly.dev/milktea_new/status/1847292910083183097#m</guid>
        <link>http://nitter-black-darkness-2678.fly.dev/milktea_new/status/1847292910083183097#m</link>
      </item>
      <item>
        <title>x.com/i/spaces/1djGXrZqjoexZ</title>
        <dc:creator>@srmmm03</dc:creator>
        <description><![CDATA[<p><a href="https://x.com/i/spaces/1djGXrZqjoexZ">x.com/i/spaces/1djGXrZqjoexZ</a></p>]]></description>
        <pubDate>Fri, 18 Oct 2024 15:03:52 GMT</pubDate>
        <guid>http://nitter-black-darkness-2678.fly.dev/srmmm03/status/1847292519127843188#m</guid>
        <link>http://nitter-black-darkness-2678.fly.dev/srmmm03/status/1847292519127843188#m</link>
      </item>
      <item>
        <title>息を吸うように無意識に園田智代子って言ってる時がある</title>
        <dc:creator>@milktea_new</dc:creator>
        <description><![CDATA[<p>息を吸うように無意識に園田智代子って言ってる時がある</p>]]></description>
        <pubDate>Fri, 18 Oct 2024 15:01:13 GMT</pubDate>
        <guid>http://nitter-black-darkness-2678.fly.dev/milktea_new/status/1847291853298872663#m</guid>
        <link>http://nitter-black-darkness-2678.fly.dev/milktea_new/status/1847291853298872663#m</link>
      </item>
      <item>
        <title>美人ってまじでどんなキャラにもなれるんだ……スゴすぎる</title>
        <dc:creator>@milktea_new</dc:creator>
        <description><![CDATA[<p>美人ってまじでどんなキャラにもなれるんだ……スゴすぎる</p>]]></description>
        <pubDate>Fri, 18 Oct 2024 14:58:59 GMT</pubDate>
        <guid>http://nitter-black-darkness-2678.fly.dev/milktea_new/status/1847291292210086393#m</guid>
        <link>http://nitter-black-darkness-2678.fly.dev/milktea_new/status/1847291292210086393#m</link>
      </item>
      <item>
        <title>私のために集まってくれた天才女たち見てください👊
#シャチはじ1018</title>
        <dc:creator>@azu_kichi_cos</dc:creator>
        <description><![CDATA[<p>私のために集まってくれた天才女たち見てください👊<br>
<a href="http://nitter-black-darkness-2678.fly.dev/search?q=%23シャチはじ1018">#シャチはじ1018</a></p>
<img src="http://nitter-black-darkness-2678.fly.dev/pic/media%2FGaLlZQzbIAAXYiQ.jpg" style="max-width:250px;" />]]></description>
        <pubDate>Fri, 18 Oct 2024 14:57:56 GMT</pubDate>
        <guid>http://nitter-black-darkness-2678.fly.dev/azu_kichi_cos/status/1847291027109101922#m</guid>
        <link>http://nitter-black-darkness-2678.fly.dev/azu_kichi_cos/status/1847291027109101922#m</link>
      </item>
      <item>
        <title>R to @azu_kichi_cos: エマちゃんタグ付けNGになってた…(@S_sametaro)</title>
        <dc:creator>@azu_kichi_cos</dc:creator>
        <description><![CDATA[<p>エマちゃんタグ付けNGになってた…(<a href="http://nitter-black-darkness-2678.fly.dev/S_sametaro" title="サメ太郎かっこかり🦈">@S_sametaro</a>)</p>]]></description>
        <pubDate>Fri, 18 Oct 2024 14:58:24 GMT</pubDate>
        <guid>http://nitter-black-darkness-2678.fly.dev/azu_kichi_cos/status/1847291143094214812#m</guid>
        <link>http://nitter-black-darkness-2678.fly.dev/azu_kichi_cos/status/1847291143094214812#m</link>
      </item>
      <item>
        <title>明日併せやのにほろ酔いなってるの意味わからんすぎる😸ちょっとだけスペやってええか</title>
        <dc:creator>@srmmm03</dc:creator>
        <description><![CDATA[<p>明日併せやのにほろ酔いなってるの意味わからんすぎる😸ちょっとだけスペやってええか</p>]]></description>
        <pubDate>Fri, 18 Oct 2024 14:58:10 GMT</pubDate>
        <guid>http://nitter-black-darkness-2678.fly.dev/srmmm03/status/1847291085854495099#m</guid>
        <link>http://nitter-black-darkness-2678.fly.dev/srmmm03/status/1847291085854495099#m</link>
      </item>
      <item>
        <title>斑鳩ルカのコスプレの為だけにGIVENCHYの黒リップ買ったんだよな

勿体ないから他の衣装もやりたい(リップの為だけじゃないです)

あとは黒リップ使うキャラ居るか？？？？
イミテーションブラックくらいしかないやろ</title>
        <dc:creator>@milktea_new</dc:creator>
        <description><![CDATA[<p>斑鳩ルカのコスプレの為だけにGIVENCHYの黒リップ買ったんだよな<br>
<br>
勿体ないから他の衣装もやりたい(リップの為だけじゃないです)<br>
<br>
あとは黒リップ使うキャラ居るか？？？？<br>
イミテーションブラックくらいしかないやろ</p>]]></description>
        <pubDate>Fri, 18 Oct 2024 14:57:57 GMT</pubDate>
        <guid>http://nitter-black-darkness-2678.fly.dev/milktea_new/status/1847291029348901283#m</guid>
        <link>http://nitter-black-darkness-2678.fly.dev/milktea_new/status/1847291029348901283#m</link>
      </item>
      <item>
        <title>109のことね、ニットワンピースの時点でハードル高いのに首周りとか腕のフリルとか絶対に市販では被らないお洋服で可愛い〜！って気持ちとレイヤー死にそう！って気持ち</title>
        <dc:creator>@milktea_new</dc:creator>
        <description><![CDATA[<p>109のことね、ニットワンピースの時点でハードル高いのに首周りとか腕のフリルとか絶対に市販では被らないお洋服で可愛い〜！って気持ちとレイヤー死にそう！って気持ち</p>]]></description>
        <pubDate>Fri, 18 Oct 2024 14:56:38 GMT</pubDate>
        <guid>http://nitter-black-darkness-2678.fly.dev/milktea_new/status/1847290698036580683#m</guid>
        <link>http://nitter-black-darkness-2678.fly.dev/milktea_new/status/1847290698036580683#m</link>
      </item>
      <item>
        <title>ゆずちゃんにぼしさんのBIS行きたかったすぎる🥲🥲🥲</title>
        <dc:creator>@srmmm03</dc:creator>
        <description><![CDATA[<p>ゆずちゃんにぼしさんのBIS行きたかったすぎる🥲🥲🥲</p>]]></description>
        <pubDate>Fri, 18 Oct 2024 14:55:08 GMT</pubDate>
        <guid>http://nitter-black-darkness-2678.fly.dev/srmmm03/status/1847290321270706388#m</guid>
        <link>http://nitter-black-darkness-2678.fly.dev/srmmm03/status/1847290321270706388#m</link>
      </item>
      <item>
        <title>RT by @srmmm03: 今日は黒猫従兄妹🐈‍⬛🐈‍⬛</title>
        <dc:creator>@yyzzmmrr</dc:creator>
        <description><![CDATA[<p>今日は黒猫従兄妹🐈‍⬛🐈‍⬛</p>
<img src="http://nitter-black-darkness-2678.fly.dev/pic/media%2FGaKT931aEAE4Ahj.jpg" style="max-width:250px;" />]]></description>
        <pubDate>Fri, 18 Oct 2024 09:02:10 GMT</pubDate>
        <guid>http://nitter-black-darkness-2678.fly.dev/yyzzmmrr/status/1847201495990579325#m</guid>
        <link>http://nitter-black-darkness-2678.fly.dev/yyzzmmrr/status/1847201495990579325#m</link>
      </item>
      <item>
        <title>ようさんとりあさんに包まれてる時()いっつも可愛いね〜！赤ちゃんだね〜！って言われるので
もしかして私可愛いばぶ…？って幻覚する
スタイル良すぎる美人達による洗脳(やぶさかでない)</title>
        <dc:creator>@milktea_new</dc:creator>
        <description><![CDATA[<p>ようさんとりあさんに包まれてる時()いっつも可愛いね〜！赤ちゃんだね〜！って言われるので<br>
もしかして私可愛いばぶ…？って幻覚する<br>
スタイル良すぎる美人達による洗脳(やぶさかでない)</p>]]></description>
        <pubDate>Fri, 18 Oct 2024 14:54:39 GMT</pubDate>
        <guid>http://nitter-black-darkness-2678.fly.dev/milktea_new/status/1847290199606444361#m</guid>
        <link>http://nitter-black-darkness-2678.fly.dev/milktea_new/status/1847290199606444361#m</link>
      </item>
      <item>
        <title>池ハロ26日……間に合えばりりゃハロウィンやっちゃおうかな…？？？☺️☺️☺️
(前日なんだから間に合ってるやろ)😃</title>
        <dc:creator>@milktea_new</dc:creator>
        <description><![CDATA[<p>池ハロ26日……間に合えばりりゃハロウィンやっちゃおうかな…？？？☺️☺️☺️<br>
(前日なんだから間に合ってるやろ)😃</p>]]></description>
        <pubDate>Fri, 18 Oct 2024 14:51:58 GMT</pubDate>
        <guid>http://nitter-black-darkness-2678.fly.dev/milktea_new/status/1847289526378713300#m</guid>
        <link>http://nitter-black-darkness-2678.fly.dev/milktea_new/status/1847289526378713300#m</link>
      </item>
      <item>
        <title>ファンティア有料プラン明日２回更新です🪄

おやすみ💤</title>
        <dc:creator>@raimu22118</dc:creator>
        <description><![CDATA[<p>ファンティア有料プラン明日２回更新です🪄<br>
<br>
おやすみ💤</p>
<img src="http://nitter-black-darkness-2678.fly.dev/pic/media%2FGaLjiXFasAA31jB.jpg" style="max-width:250px;" />]]></description>
        <pubDate>Fri, 18 Oct 2024 14:49:48 GMT</pubDate>
        <guid>http://nitter-black-darkness-2678.fly.dev/raimu22118/status/1847288982016786474#m</guid>
        <link>http://nitter-black-darkness-2678.fly.dev/raimu22118/status/1847288982016786474#m</link>
      </item>
      <item>
        <title>20の併せ万全にしたいのに普通に明日仕事なんだよな！！！！

わはは！！！

絶対定時で帰る
爆速で全て直してやる！！！！！</title>
        <dc:creator>@milktea_new</dc:creator>
        <description><![CDATA[<p>20の併せ万全にしたいのに普通に明日仕事なんだよな！！！！<br>
<br>
わはは！！！<br>
<br>
絶対定時で帰る<br>
爆速で全て直してやる！！！！！</p>]]></description>
        <pubDate>Fri, 18 Oct 2024 14:48:57 GMT</pubDate>
        <guid>http://nitter-black-darkness-2678.fly.dev/milktea_new/status/1847288767750811913#m</guid>
        <link>http://nitter-black-darkness-2678.fly.dev/milktea_new/status/1847288767750811913#m</link>
      </item>
      <item>
        <title>男装だけまとめできた…！
女装増えすぎてるからのんびりやるぞ😇
電車長い時にやろう</title>
        <dc:creator>@milktea_new</dc:creator>
        <description><![CDATA[<p>男装だけまとめできた…！<br>
女装増えすぎてるからのんびりやるぞ😇<br>
電車長い時にやろう</p>
<img src="http://nitter-black-darkness-2678.fly.dev/pic/media%2FGaLiu-tb0AAjdHU.jpg" style="max-width:250px;" />]]></description>
        <pubDate>Fri, 18 Oct 2024 14:46:18 GMT</pubDate>
        <guid>http://nitter-black-darkness-2678.fly.dev/milktea_new/status/1847288099753410995#m</guid>
        <link>http://nitter-black-darkness-2678.fly.dev/milktea_new/status/1847288099753410995#m</link>
      </item>
      <item>
        <title>RT by @nyan_o912: うにプロ写真集(大嘘)</title>
        <dc:creator>@mochimocchi66</dc:creator>
        <description><![CDATA[<p>うにプロ写真集(大嘘)</p>
<img src="http://nitter-black-darkness-2678.fly.dev/pic/media%2FGaLfm09bkAAma-B.jpg" style="max-width:250px;" />]]></description>
        <pubDate>Fri, 18 Oct 2024 14:32:38 GMT</pubDate>
        <guid>http://nitter-black-darkness-2678.fly.dev/mochimocchi66/status/1847284661191676070#m</guid>
        <link>http://nitter-black-darkness-2678.fly.dev/mochimocchi66/status/1847284661191676070#m</link>
      </item>
      <item>
        <title>マジックプリズムのパンプキンヘッドって今年は買えますか？( ´•ω•` )

これが欲しくてハロウィンイベントを楽しみにしてたんです( ´•ω•` )知ってる方いたら教えてください( ´•ω•` )</title>
        <dc:creator>@uniharu0626</dc:creator>
        <description><![CDATA[<p>マジックプリズムのパンプキンヘッドって今年は買えますか？( ´•ω•` )<br>
<br>
これが欲しくてハロウィンイベントを楽しみにしてたんです( ´•ω•` )知ってる方いたら教えてください( ´•ω•` )</p>]]></description>
        <pubDate>Fri, 18 Oct 2024 14:37:57 GMT</pubDate>
        <guid>http://nitter-black-darkness-2678.fly.dev/uniharu0626/status/1847285996423200968#m</guid>
        <link>http://nitter-black-darkness-2678.fly.dev/uniharu0626/status/1847285996423200968#m</link>
      </item>
      <item>
        <title>廣井きくりさんまだまだやりたい</title>
        <dc:creator>@2_netcat</dc:creator>
        <description><![CDATA[<p>廣井きくりさんまだまだやりたい</p>]]></description>
        <pubDate>Fri, 18 Oct 2024 14:35:12 GMT</pubDate>
        <guid>http://nitter-black-darkness-2678.fly.dev/2_netcat/status/1847285304446877799#m</guid>
        <link>http://nitter-black-darkness-2678.fly.dev/2_netcat/status/1847285304446877799#m</link>
      </item>
      <item>
        <title>RT by @aisu_meru3: 今週日曜日となりましたゲストレイヤーとして出させて頂くホロコスオンリーにて出すグッズのお品書きです‼️

どれも配布部数少なめとなっておりますのでお求めの方はお早めに🙏✨

#ホロコスオンリー</title>
        <dc:creator>@Mkspere</dc:creator>
        <description><![CDATA[<p>今週日曜日となりましたゲストレイヤーとして出させて頂くホロコスオンリーにて出すグッズのお品書きです‼️<br>
<br>
どれも配布部数少なめとなっておりますのでお求めの方はお早めに🙏✨<br>
<br>
<a href="http://nitter-black-darkness-2678.fly.dev/search?q=%23ホロコスオンリー">#ホロコスオンリー</a></p>
<img src="http://nitter-black-darkness-2678.fly.dev/pic/media%2FGaKk-hga4AAoIuo.jpg" style="max-width:250px;" />]]></description>
        <pubDate>Fri, 18 Oct 2024 10:16:29 GMT</pubDate>
        <guid>http://nitter-black-darkness-2678.fly.dev/Mkspere/status/1847220196316250567#m</guid>
        <link>http://nitter-black-darkness-2678.fly.dev/Mkspere/status/1847220196316250567#m</link>
      </item>
      <item>
        <title>先日乗った飛行機ロコンジェットだったのが嬉しかったのと、機内ドリンクサービスが九州コラボ？でヨーグルッペがあります言われて初めて飲んだんだけどすごく美味しかった…‼
地域限定なのかなあれ🤔💭🤍</title>
        <dc:creator>@miinyan73</dc:creator>
        <description><![CDATA[<p>先日乗った飛行機ロコンジェットだったのが嬉しかったのと、機内ドリンクサービスが九州コラボ？でヨーグルッペがあります言われて初めて飲んだんだけどすごく美味しかった…‼<br>
地域限定なのかなあれ🤔💭🤍</p>]]></description>
        <pubDate>Fri, 18 Oct 2024 14:32:05 GMT</pubDate>
        <guid>http://nitter-black-darkness-2678.fly.dev/miinyan73/status/1847284521408078193#m</guid>
        <link>http://nitter-black-darkness-2678.fly.dev/miinyan73/status/1847284521408078193#m</link>
      </item>
      <item>
        <title>お仕事後で疲れてるのに来てくれたり衣装自作勢もいたしせつ菜ちゃんと璃奈ちゃんがめちゃくちゃ本気出してきてくれたしで私なんかが主催の撮影でみんないいの…(Ｔ_Ｔ)(Ｔ_Ｔ)になっちゃった。ありがとうみんな大好きだよ(Ｔ_Ｔ)(Ｔ_Ｔ)</title>
        <dc:creator>@azu_kichi_cos</dc:creator>
        <description><![CDATA[<p>お仕事後で疲れてるのに来てくれたり衣装自作勢もいたしせつ菜ちゃんと璃奈ちゃんがめちゃくちゃ本気出してきてくれたしで私なんかが主催の撮影でみんないいの…(Ｔ_Ｔ)(Ｔ_Ｔ)になっちゃった。ありがとうみんな大好きだよ(Ｔ_Ｔ)(Ｔ_Ｔ)</p>]]></description>
        <pubDate>Fri, 18 Oct 2024 14:31:48 GMT</pubDate>
        <guid>http://nitter-black-darkness-2678.fly.dev/azu_kichi_cos/status/1847284452004864394#m</guid>
        <link>http://nitter-black-darkness-2678.fly.dev/azu_kichi_cos/status/1847284452004864394#m</link>
      </item>
      <item>
        <title>RT by @aisu_meru3: ( *°ｰ°* )</title>
        <dc:creator>@Metamorumeta</dc:creator>
        <description><![CDATA[<p>( *°ｰ°* )</p>
<img src="http://nitter-black-darkness-2678.fly.dev/pic/media%2FGaLCTOGbwAEbJp0.jpg" style="max-width:250px;" />]]></description>
        <pubDate>Fri, 18 Oct 2024 12:24:35 GMT</pubDate>
        <guid>http://nitter-black-darkness-2678.fly.dev/Metamorumeta/status/1847252436777664579#m</guid>
        <link>http://nitter-black-darkness-2678.fly.dev/Metamorumeta/status/1847252436777664579#m</link>
      </item>
      <item>
        <title>RT by @aisu_meru3: #ホロコスオンリー

お品書きです！
手のひらサイズの自撮りミニフォトブックが新刊となります！
隣にいるイメージで撮ったよ🌙🛸💜

🛸💜既刊も少し持っていきます！
チェキはその場でスマホで撮ったツーショでも🙆‍♂️

基本はスペースにいると思いますが、離れる時はツイートします！</title>
        <dc:creator>@meee_chi</dc:creator>
        <description><![CDATA[<p><a href="http://nitter-black-darkness-2678.fly.dev/search?q=%23ホロコスオンリー">#ホロコスオンリー</a><br>
<br>
お品書きです！<br>
手のひらサイズの自撮りミニフォトブックが新刊となります！<br>
隣にいるイメージで撮ったよ🌙🛸💜<br>
<br>
🛸💜既刊も少し持っていきます！<br>
チェキはその場でスマホで撮ったツーショでも🙆‍♂️<br>
<br>
基本はスペースにいると思いますが、離れる時はツイートします！</p>
<img src="http://nitter-black-darkness-2678.fly.dev/pic/media%2FGaK4Fkua4AAEysU.jpg" style="max-width:250px;" />]]></description>
        <pubDate>Fri, 18 Oct 2024 11:39:59 GMT</pubDate>
        <guid>http://nitter-black-darkness-2678.fly.dev/meee_chi/status/1847241212362948861#m</guid>
        <link>http://nitter-black-darkness-2678.fly.dev/meee_chi/status/1847241212362948861#m</link>
      </item>
      <item>
        <title>𓋫 𓏴𓏴 𓏵 𓏴𓏴 𓏵    𝙾𝙿𝙴𝙽   𓏵 𓏴𓏴 𓏵 𓏴𓏴 𓋫</title>
        <dc:creator>@uniharu0626</dc:creator>
        <description><![CDATA[<p>𓋫 𓏴𓏴 𓏵 𓏴𓏴 𓏵    𝙾𝙿𝙴𝙽   𓏵 𓏴𓏴 𓏵 𓏴𓏴 𓋫</p>
<img src="http://nitter-black-darkness-2678.fly.dev/pic/media%2FGaKVd4raIAALsF5.jpg" style="max-width:250px;" />]]></description>
        <pubDate>Fri, 18 Oct 2024 09:08:43 GMT</pubDate>
        <guid>http://nitter-black-darkness-2678.fly.dev/uniharu0626/status/1847203145459572830#m</guid>
        <link>http://nitter-black-darkness-2678.fly.dev/uniharu0626/status/1847203145459572830#m</link>
      </item>
      <item>
        <title>R to @uniharu0626: ご来店、ドリンク・チェキありがとうございました☺️
お寿司まで食べられてとってもよかった🍣◝✩

次は29日、ハロウィンイベント中の出勤です！
チェキいっぱい撮ろう〜！👾↝ᡣ𐭩</title>
        <dc:creator>@uniharu0626</dc:creator>
        <description><![CDATA[<p>ご来店、ドリンク・チェキありがとうございました☺️<br>
お寿司まで食べられてとってもよかった🍣◝✩<br>
<br>
次は29日、ハロウィンイベント中の出勤です！<br>
チェキいっぱい撮ろう〜！👾↝ᡣ𐭩</p>]]></description>
        <pubDate>Fri, 18 Oct 2024 14:29:07 GMT</pubDate>
        <guid>http://nitter-black-darkness-2678.fly.dev/uniharu0626/status/1847283773182025972#m</guid>
        <link>http://nitter-black-darkness-2678.fly.dev/uniharu0626/status/1847283773182025972#m</link>
      </item>
      <item>
        <title>誰か撮り行きませんか</title>
        <dc:creator>@sirousa1211</dc:creator>
        <description><![CDATA[<p>誰か撮り行きませんか</p>
<p><a href="http://nitter-black-darkness-2678.fly.dev/BHB_official/status/1847231163070349543#m">nitter-black-darkness-2678.fly.dev/BHB_official/status/1847231163070349543#m</a></p>]]></description>
        <pubDate>Fri, 18 Oct 2024 14:21:42 GMT</pubDate>
        <guid>http://nitter-black-darkness-2678.fly.dev/sirousa1211/status/1847281908276973848#m</guid>
        <link>http://nitter-black-darkness-2678.fly.dev/sirousa1211/status/1847281908276973848#m</link>
      </item>
      <item>
        <title>RT by @tsubasabi: ⚠︎Cosplay / 艦これ
金剛

photo.はるはらさん

#ラグコス
#ラグコス2024</title>
        <dc:creator>@tanaka_164</dc:creator>
        <description><![CDATA[<p>⚠︎Cosplay / 艦これ<br>
金剛<br>
<br>
photo.はるはらさん<br>
<br>
<a href="http://nitter-black-darkness-2678.fly.dev/search?q=%23ラグコス">#ラグコス</a><br>
<a href="http://nitter-black-darkness-2678.fly.dev/search?q=%23ラグコス2024">#ラグコス2024</a></p>
<img src="http://nitter-black-darkness-2678.fly.dev/pic/media%2FGaKQxJabIAE_dPU.jpg" style="max-width:250px;" />]]></description>
        <pubDate>Fri, 18 Oct 2024 08:48:11 GMT</pubDate>
        <guid>http://nitter-black-darkness-2678.fly.dev/tanaka_164/status/1847197977095667926#m</guid>
        <link>http://nitter-black-darkness-2678.fly.dev/tanaka_164/status/1847197977095667926#m</link>
      </item>
      <item>
        <title>RT by @azu_kichi_cos: せつ菜ちゃんで踊ってきた！🌈
大好きをダンスで表現してきました🤗❤️
スクールアイドル最高👍✨✨

#シャチはじ1018</title>
        <dc:creator>@ssotwhmr</dc:creator>
        <description><![CDATA[<p>せつ菜ちゃんで踊ってきた！🌈<br>
大好きをダンスで表現してきました🤗❤️<br>
スクールアイドル最高👍✨✨<br>
<br>
<a href="http://nitter-black-darkness-2678.fly.dev/search?q=%23シャチはじ1018">#シャチはじ1018</a></p>
<img src="http://nitter-black-darkness-2678.fly.dev/pic/media%2FGaLcPuxa4AAmPPm.jpg" style="max-width:250px;" />]]></description>
        <pubDate>Fri, 18 Oct 2024 14:18:01 GMT</pubDate>
        <guid>http://nitter-black-darkness-2678.fly.dev/ssotwhmr/status/1847280979947474966#m</guid>
        <link>http://nitter-black-darkness-2678.fly.dev/ssotwhmr/status/1847280979947474966#m</link>
      </item>
      <item>
        <title>廣井 きくりさん</title>
        <dc:creator>@2_netcat</dc:creator>
        <description><![CDATA[<p>廣井 きくりさん</p>]]></description>
        <pubDate>Fri, 18 Oct 2024 14:20:32 GMT</pubDate>
        <guid>http://nitter-black-darkness-2678.fly.dev/2_netcat/status/1847281616823189962#m</guid>
        <link>http://nitter-black-darkness-2678.fly.dev/2_netcat/status/1847281616823189962#m</link>
      </item>
      <item>
        <title>RT by @2_netcat: ◤　　　　　　　　◥
　GOTOH FAMILY
　meets 廣井きくり
◣　　　　　　　　◢

きららMAX12月号の『#ぼっち・ざ・ろっく！』では
再び金沢八景に流れ着いた廣井きくりが
後藤家におじゃまします‼
美智代と直樹の意外な馴れ初めも
明らかに🍺

【COMIC FUZでも好評連載中】
https://comic-fuz.com/manga/72</title>
        <dc:creator>@mangatimekirara</dc:creator>
        <description><![CDATA[<p>◤　　　　　　　　◥<br>
　GOTOH FAMILY<br>
　meets 廣井きくり<br>
◣　　　　　　　　◢<br>
<br>
きららMAX12月号の『<a href="http://nitter-black-darkness-2678.fly.dev/search?q=%23ぼっち・ざ・ろっく">#ぼっち・ざ・ろっく</a>！』では<br>
再び金沢八景に流れ着いた廣井きくりが<br>
後藤家におじゃまします‼<br>
美智代と直樹の意外な馴れ初めも<br>
明らかに🍺<br>
<br>
【COMIC FUZでも好評連載中】<br>
<a href="https://comic-fuz.com/manga/72">comic-fuz.com/manga/72</a></p>
<img src="http://nitter-black-darkness-2678.fly.dev/pic/media%2FGaLYbqUbwAAghCV.jpg" style="max-width:250px;" />
<img src="http://nitter-black-darkness-2678.fly.dev/pic/media%2FGaLYbqVaoAA-Lo0.jpg" style="max-width:250px;" />
<img src="http://nitter-black-darkness-2678.fly.dev/pic/media%2FGaLYbqTbQAEzrZ6.png" style="max-width:250px;" />
<img src="http://nitter-black-darkness-2678.fly.dev/pic/media%2FGaLYbqVb0AAyTe3.png" style="max-width:250px;" />]]></description>
        <pubDate>Fri, 18 Oct 2024 14:01:17 GMT</pubDate>
        <guid>http://nitter-black-darkness-2678.fly.dev/mangatimekirara/status/1847276770741100783#m</guid>
        <link>http://nitter-black-darkness-2678.fly.dev/mangatimekirara/status/1847276770741100783#m</link>
      </item>
      <item>
        <title>れんくんめでたい〜！！✨✨
周年グッズも買いました😼</title>
        <dc:creator>@t_cos_214</dc:creator>
        <description><![CDATA[<p>れんくんめでたい〜！！✨✨<br>
周年グッズも買いました😼</p>]]></description>
        <pubDate>Fri, 18 Oct 2024 14:19:12 GMT</pubDate>
        <guid>http://nitter-black-darkness-2678.fly.dev/t_cos_214/status/1847281279622119514#m</guid>
        <link>http://nitter-black-darkness-2678.fly.dev/t_cos_214/status/1847281279622119514#m</link>
      </item>
      <item>
        <title>RT by @t_cos_214: 【⏰如月れん 4周年記念グッズ受注販売決定！⏰】

如月れん（@ren_kisaragi__）4周年記念グッズの受注販売が決定‼️

▶️受注期間
10月18日（金）〜11月1日（金）23:59まで

▶️ご購入はこちら
https://store.vspo.jp/products/kisaragiren-ani4th

▶️担当イラストレーター
TAKOLEGS　様
KIRUTA　様
ときわた　様
生川　様

#ぶいすぽストア</title>
        <dc:creator>@Vspo77</dc:creator>
        <description><![CDATA[<p>【⏰如月れん 4周年記念グッズ受注販売決定！⏰】<br>
<br>
如月れん（<a href="http://nitter-black-darkness-2678.fly.dev/ren_kisaragi__" title="如月れん⏰">@ren_kisaragi__</a>）4周年記念グッズの受注販売が決定‼️<br>
<br>
▶️受注期間<br>
10月18日（金）〜11月1日（金）23:59まで<br>
<br>
▶️ご購入はこちら<br>
<a href="https://store.vspo.jp/products/kisaragiren-ani4th">store.vspo.jp/products/kisar…</a><br>
<br>
▶️担当イラストレーター<br>
TAKOLEGS　様<br>
KIRUTA　様<br>
ときわた　様<br>
生川　様<br>
<br>
<a href="http://nitter-black-darkness-2678.fly.dev/search?q=%23ぶいすぽストア">#ぶいすぽストア</a></p>
<img src="http://nitter-black-darkness-2678.fly.dev/pic/media%2FGaKwEX-awAAARYa.jpg" style="max-width:250px;" />]]></description>
        <pubDate>Fri, 18 Oct 2024 11:21:51 GMT</pubDate>
        <guid>http://nitter-black-darkness-2678.fly.dev/Vspo77/status/1847236649127911431#m</guid>
        <link>http://nitter-black-darkness-2678.fly.dev/Vspo77/status/1847236649127911431#m</link>
      </item>
      <item>
        <title>おそほ〜歩夢で踊ってきた🎀
初センター、初おどみた主催で何もかも不安だったけどみんなが支えてくれてなんとか本番までもってこれました😭
優しくて天才で素敵なメンバーと一緒に踊れてめちゃくちゃ楽しかった！みんな今日は一日ありがとうございました🌈🌸</title>
        <dc:creator>@azu_kichi_cos</dc:creator>
        <description><![CDATA[<p>おそほ〜歩夢で踊ってきた🎀<br>
初センター、初おどみた主催で何もかも不安だったけどみんなが支えてくれてなんとか本番までもってこれました😭<br>
優しくて天才で素敵なメンバーと一緒に踊れてめちゃくちゃ楽しかった！みんな今日は一日ありがとうございました🌈🌸</p>
<img src="http://nitter-black-darkness-2678.fly.dev/pic/media%2FGaLbjRUbYAAZyi-.jpg" style="max-width:250px;" />]]></description>
        <pubDate>Fri, 18 Oct 2024 14:14:55 GMT</pubDate>
        <guid>http://nitter-black-darkness-2678.fly.dev/azu_kichi_cos/status/1847280201421783238#m</guid>
        <link>http://nitter-black-darkness-2678.fly.dev/azu_kichi_cos/status/1847280201421783238#m</link>
      </item>
      <item>
        <title>RT by @azu_kichi_cos: ちゃお〜🍞(1つ＋3枚目)
楽しく踊ってきましたっ！
何気に虹自体初出しなエマヴェルデです✨ 

#シャチはじ1018</title>
        <dc:creator>@S_sametaro</dc:creator>
        <description><![CDATA[<p>ちゃお〜🍞(1つ＋3枚目)<br>
楽しく踊ってきましたっ！<br>
何気に虹自体初出しなエマヴェルデです✨ <br>
<br>
<a href="http://nitter-black-darkness-2678.fly.dev/search?q=%23シャチはじ1018">#シャチはじ1018</a></p>
<img src="http://nitter-black-darkness-2678.fly.dev/pic/media%2FGaLZLP9bEAE-TTs.jpg" style="max-width:250px;" />]]></description>
        <pubDate>Fri, 18 Oct 2024 14:04:35 GMT</pubDate>
        <guid>http://nitter-black-darkness-2678.fly.dev/S_sametaro/status/1847277599816614385#m</guid>
        <link>http://nitter-black-darkness-2678.fly.dev/S_sametaro/status/1847277599816614385#m</link>
      </item>
      <item>
        <title>RT by @shioringo_227: 応援広告でSHHis&amp;CoMETIKの皆さんをお祝いしませんか？枠取りが完了しましたので、正式告知します！
2025年1月開催[liminal;marginal;eternal]に
ご出演されるアイドルの皆様へ向けたポスターを都内某所に提出します！プロデューサーの皆様のご参加お待ちしております！
https://twipla.jp/events/638758</title>
        <dc:creator>@Shiny_bouquets</dc:creator>
        <description><![CDATA[<p>応援広告でSHHis&amp;CoMETIKの皆さんをお祝いしませんか？枠取りが完了しましたので、正式告知します！<br>
2025年1月開催[liminal;marginal;eternal]に<br>
ご出演されるアイドルの皆様へ向けたポスターを都内某所に提出します！プロデューサーの皆様のご参加お待ちしております！<br>
<a href="https://twipla.jp/events/638758">twipla.jp/events/638758</a></p>
<img src="http://nitter-black-darkness-2678.fly.dev/pic/media%2FGaK9dkwaoAANM25.jpg" style="max-width:250px;" />]]></description>
        <pubDate>Fri, 18 Oct 2024 12:04:02 GMT</pubDate>
        <guid>http://nitter-black-darkness-2678.fly.dev/Shiny_bouquets/status/1847247261534941298#m</guid>
        <link>http://nitter-black-darkness-2678.fly.dev/Shiny_bouquets/status/1847247261534941298#m</link>
      </item>
      <item>
        <title>RT by @shioringo_227: 来年1月の応援広告企画の主催を務めさせていただきます！SHHisとコメティックのアイドル5人を応援しませんか？ご支援とご協力よろしくお願いいたします・・・！</title>
        <dc:creator>@milotot_</dc:creator>
        <description><![CDATA[<p>来年1月の応援広告企画の主催を務めさせていただきます！SHHisとコメティックのアイドル5人を応援しませんか？ご支援とご協力よろしくお願いいたします・・・！</p>
<p><a href="http://nitter-black-darkness-2678.fly.dev/Shiny_bouquets/status/1847247261534941298#m">nitter-black-darkness-2678.fly.dev/Shiny_bouquets/status/1847247261534941298#m</a></p>]]></description>
        <pubDate>Fri, 18 Oct 2024 12:06:35 GMT</pubDate>
        <guid>http://nitter-black-darkness-2678.fly.dev/milotot_/status/1847247907201990950#m</guid>
        <link>http://nitter-black-darkness-2678.fly.dev/milotot_/status/1847247907201990950#m</link>
      </item>
      <item>
        <title>RT by @shioringo_227: cosplay

アイドルマスターシャイニーカラーズ
　　　　　　緋田美琴

　　🩵ツイーディーハピリー🩵

photo:@Yukkii_SnowMan</title>
        <dc:creator>@roze_cos</dc:creator>
        <description><![CDATA[<p>cosplay<br>
<br>
アイドルマスターシャイニーカラーズ<br>
　　　　　　緋田美琴<br>
<br>
　　🩵ツイーディーハピリー🩵<br>
<br>
photo:<a href="http://nitter-black-darkness-2678.fly.dev/Yukkii_SnowMan" title="ゆっきー">@Yukkii_SnowMan</a></p>
<img src="http://nitter-black-darkness-2678.fly.dev/pic/media%2FGaK1_byaIAAqVX2.jpg" style="max-width:250px;" />]]></description>
        <pubDate>Fri, 18 Oct 2024 11:30:49 GMT</pubDate>
        <guid>http://nitter-black-darkness-2678.fly.dev/roze_cos/status/1847238904593932621#m</guid>
        <link>http://nitter-black-darkness-2678.fly.dev/roze_cos/status/1847238904593932621#m</link>
      </item>
      <item>
        <title>チャイナ廣井………………………</title>
        <dc:creator>@shioringo_227</dc:creator>
        <description><![CDATA[<p>チャイナ廣井………………………</p>]]></description>
        <pubDate>Fri, 18 Oct 2024 14:08:45 GMT</pubDate>
        <guid>http://nitter-black-darkness-2678.fly.dev/shioringo_227/status/1847278650145833239#m</guid>
        <link>http://nitter-black-darkness-2678.fly.dev/shioringo_227/status/1847278650145833239#m</link>
      </item>
      <item>
        <title>うあ⁉️⁉️⁉️</title>
        <dc:creator>@shioringo_227</dc:creator>
        <description><![CDATA[<p>うあ⁉️⁉️⁉️</p>]]></description>
        <pubDate>Fri, 18 Oct 2024 14:08:34 GMT</pubDate>
        <guid>http://nitter-black-darkness-2678.fly.dev/shioringo_227/status/1847278604482380010#m</guid>
        <link>http://nitter-black-darkness-2678.fly.dev/shioringo_227/status/1847278604482380010#m</link>
      </item>
      <item>
        <title>RT by @Cos_sorena: ✨✨ 開催決定 ✨✨
   #学園アイドルマスター
  POP UP STORE in 渋谷109
✨✨ ✨ ✨✨✨✨
 
「109ファッション」をテーマにした
&quot;総勢12名&quot;の描きおろしイラストが登場🤍
東京・大阪の2都市で開催いたします🏫
 
詳細はこちら👇
https://idolmaster-official.jp/news/01_13110
#学マス</title>
        <dc:creator>@wallma_store</dc:creator>
        <description><![CDATA[<p>✨✨ 開催決定 ✨✨<br>
   <a href="http://nitter-black-darkness-2678.fly.dev/search?q=%23学園アイドルマスター">#学園アイドルマスター</a><br>
  POP UP STORE in 渋谷109<br>
✨✨ ✨ ✨✨✨✨<br>
 <br>
「109ファッション」をテーマにした<br>
"総勢12名"の描きおろしイラストが登場🤍<br>
東京・大阪の2都市で開催いたします🏫<br>
 <br>
詳細はこちら👇<br>
<a href="https://idolmaster-official.jp/news/01_13110">idolmaster-official.jp/news/…</a><br>
<a href="http://nitter-black-darkness-2678.fly.dev/search?q=%23学マス">#学マス</a></p>
<img src="http://nitter-black-darkness-2678.fly.dev/pic/media%2FGaKG_2WasAAbqml.jpg" style="max-width:250px;" />
<img src="http://nitter-black-darkness-2678.fly.dev/pic/media%2FGaKHGDSb0AAp91E.jpg" style="max-width:250px;" />]]></description>
        <pubDate>Fri, 18 Oct 2024 08:10:10 GMT</pubDate>
        <guid>http://nitter-black-darkness-2678.fly.dev/wallma_store/status/1847188407140962560#m</guid>
        <link>http://nitter-black-darkness-2678.fly.dev/wallma_store/status/1847188407140962560#m</link>
      </item>

 </channel>
</rss>
